Arguments: 
  /usr/bin/node /usr/share/yarn/bin/yarn.js

PATH: 
  /usr/local/sbin:/usr/local/bin:/usr/sbin:/usr/bin:/sbin:/bin:/usr/games:/usr/local/games:/snap/bin

Yarn version: 
  1.5.1

Node version: 
  8.10.0

Platform: 
  linux x64

npm manifest: 
  {
    "name": "TokenPool",
    "version": "1.3.5",
    "engines": {
      "node": ">=8.9"
    },
    "description": "A token pool coordinator which poolmines energy tokens such as 0xBitcoin",
    "main": "index.js",
    "scripts": {
       "test": "mocha",
      "webpack": "webpack",
      "dev": "webpack-dev-server ",
      "server": "node index.js",
      "redis": "redis-server"
    },
    "keywords": [
      "token",
      "mine",
      "pool"
    ],
    "author": "admazzola",
    "license": "MIT",
    "dependencies": {
      "babel-core": "^6.26.0",
      "babel-loader": "^7.1.2",
      "babel-plugin-transform-es3-member-expression-literals": "^6.22.0",
      "babel-plugin-transform-es3-property-literals": "^6.22.0",
      "babel-plugin-transform-object-rest-spread": "^6.26.0",
      "babel-preset-es2015": "^6.24.1",
      "babel-preset-es2016": "^6.24.1",
      "bn.js": "^4.11.8",
      "browserify": "^15.2.0",
      "bulma": "^0.6.2",
      "chart.js": "^2.7.2",
      "ethereum-blockies": "git+https://github.com/ethereum/blockies.git",
      "ethereumjs-tx": "^1.3.3",
      "express": "^4.16.2",
      "extract-text-webpack-plugin": "^3.0.2",
      "html-loader": "^0.5.5",
      "jayson": "^2.0.5",
      "jquery": "^3.3.1",
      "mocha": "^5.0.1",
      "moment": "^2.21.0",
      "redis": "^2.8.0",
      "socket.io": "^2.0.4",
      "socket.io-client": "^2.0.4",
      "vue": "^2.5.13",
      "web3": "^1.0.0-beta.28",
      "web3-eth": "^1.0.0-beta.30",
      "web3-utils": "^1.0.0-beta.29",
      "webpack": "^3.11.0",
      "worker-loader": "^1.1.0"
    },
    "devDependencies": {
      "css-loader": "^0.28.9",
      "file-loader": "^1.1.6",
      "html-webpack-include-assets-plugin": "^1.0.2",
      "html-webpack-plugin": "^2.30.1",
      "mocha": "^5.0.4",
      "node-sass": "^4.7.2",
      "sass-loader": "^6.0.6",
      "static-site-generator-webpack-plugin": "^3.4.1",
      "style-loader": "^0.20.1",
      "webpack-cli": "^2.0.9",
      "webpack-dev-server": "^2.11.1"
    }
  }

yarn manifest: 
  No manifest

Lockfile: 
  No lockfile

Trace: 
  Error: /home/tokenpool/node_modules/sha3: Command failed.
  Exit code: 1
  Command: sh
  Arguments: -c node-gyp rebuild
  Directory: /home/tokenpool/node_modules/sha3
  Output:
  module.js:549
      throw err;
      ^
  
  Error: Cannot find module '/usr/lib/node_modules/npm/node_modules/node-gyp/bin/node-gyp.js'
      at Function.Module._resolveFilename (module.js:547:15)
      at Function.Module._load (module.js:474:25)
      at Function.Module.runMain (module.js:693:10)
      at startup (bootstrap_node.js:188:16)
      at bootstrap_node.js:609:3
      at ProcessTermError.MessageError (/usr/share/yarn/lib/cli.js:186:110)
      at new ProcessTermError (/usr/share/yarn/lib/cli.js:226:113)
      at ChildProcess.<anonymous> (/usr/share/yarn/lib/cli.js:30281:17)
      at emitTwo (events.js:126:13)
      at ChildProcess.emit (events.js:214:7)
      at maybeClose (internal/child_process.js:925:16)
      at Process.ChildProcess._handle.onexit (internal/child_process.js:209:5)
